pose_estimation_android_app/android/app/build/intermediates/manifest_merge_blame_file/debug/manifest-merger-blame-debug-report.txt
1<?xml version="1.0" encoding="utf-8"?>
2<manifest xmlns:android="http://schemas.android.com/apk/res/android"
3    package="com.google.mlkit.vision.demo"
4    android:installLocation="auto"
5    android:versionCode="11"
6    android:versionName="1.11" >
7    <!--
8 CameraX libraries require minSdkVersion 21, while this quickstart app
9    supports low to 16. Needs to use overrideLibrary to make the merger tool
10    ignore this conflict and import the libraries while keeping the app's lower
11    minSdkVersion value. In code, will check SDK version, before calling CameraX
12    APIs.
13    -->
14    <uses-sdk
14-->src/main/AndroidManifest.xml:13:5-16:62
15        android:minSdkVersion="19"
15-->src/main/AndroidManifest.xml:13:5-16:62
16        android:targetSdkVersion="29" />
16-->src/main/AndroidManifest.xml:13:5-16:62
17
18    <uses-feature android:name="android.hardware.camera" />
18-->src/main/AndroidManifest.xml:18:5-59
18-->src/main/AndroidManifest.xml:18:19-57
19
20    <uses-permission android:name="android.permission.INTERNET" />
20-->src/main/AndroidManifest.xml:20:5-66
20-->src/main/AndroidManifest.xml:20:22-64
21    <uses-permission android:name="android.permission.WRITE_EXTERNAL_STORAGE" />
21-->src/main/AndroidManifest.xml:22:5-80
21-->src/main/AndroidManifest.xml:22:22-78
22    <uses-permission android:name="android.permission.READ_EXTERNAL_STORAGE" />
22-->src/main/AndroidManifest.xml:23:5-79
22-->src/main/AndroidManifest.xml:23:22-77
23    <uses-permission android:name="android.permission.CAMERA" />
23-->src/main/AndroidManifest.xml:24:5-64
23-->src/main/AndroidManifest.xml:24:22-62
24
25    <application
25-->src/main/AndroidManifest.xml:26:5-64:19
26        android:name="androidx.multidex.MultiDexApplication"
26-->src/main/AndroidManifest.xml:27:9-61
27        android:allowBackup="false"
27-->src/main/AndroidManifest.xml:32:9-36
28        android:appComponentFactory="androidx.core.app.CoreComponentFactory"
28-->[androidx.core:core:1.5.0] AndroidManifest.xml:24:18-86
29        android:debuggable="true"
30        android:icon="@drawable/logo_mlkit"
30-->src/main/AndroidManifest.xml:28:9-44
31        android:label="@string/app_name"
31-->src/main/AndroidManifest.xml:29:9-41
32        android:requestLegacyExternalStorage="true"
32-->src/main/AndroidManifest.xml:30:9-52
33        android:testOnly="true"
34        android:theme="@style/Theme.AppCompat" >
34-->src/main/AndroidManifest.xml:31:9-47
35        <meta-data
35-->src/main/AndroidManifest.xml:34:9-36:68
36            android:name="com.google.android.gms.version"
36-->src/main/AndroidManifest.xml:35:13-58
37            android:value="@integer/google_play_services_version" />
37-->src/main/AndroidManifest.xml:36:13-66
38
39        <!--
40          Optional: Add it to automatically download ML model to device after
41          your app is installed.
42        -->
43        <meta-data
43-->src/main/AndroidManifest.xml:40:9-42:51
44            android:name="com.google.mlkit.vision.DEPENDENCIES"
44-->src/main/AndroidManifest.xml:41:13-64
45            android:value="barcode,face,ocr,ica" />
45-->src/main/AndroidManifest.xml:42:13-49
46
47        <activity
47-->src/main/AndroidManifest.xml:44:9-52:20
48            android:name="com.google.mlkit.vision.demo.EntryChoiceActivity"
48-->src/main/AndroidManifest.xml:45:13-48
49            android:exported="true"
49-->src/main/AndroidManifest.xml:46:13-36
50            android:theme="@style/AppTheme" >
50-->src/main/AndroidManifest.xml:47:13-44
51            <intent-filter>
51-->src/main/AndroidManifest.xml:48:13-51:29
52                <action android:name="android.intent.action.MAIN" />
52-->src/main/AndroidManifest.xml:49:17-68
52-->src/main/AndroidManifest.xml:49:25-66
53
54                <category android:name="android.intent.category.LAUNCHER" />
54-->src/main/AndroidManifest.xml:50:17-76
54-->src/main/AndroidManifest.xml:50:27-74
55            </intent-filter>
56        </activity>
57        <activity
57-->src/main/AndroidManifest.xml:54:9-58:20
58            android:name="com.google.mlkit.vision.demo.java.LivePreviewActivity"
58-->src/main/AndroidManifest.xml:55:13-53
59            android:exported="true"
59-->src/main/AndroidManifest.xml:56:13-36
60            android:theme="@style/AppTheme" >
60-->src/main/AndroidManifest.xml:57:13-44
61        </activity>
62        <activity
62-->src/main/AndroidManifest.xml:60:9-62:39
63            android:name="com.google.mlkit.vision.demo.preference.SettingsActivity"
63-->src/main/AndroidManifest.xml:61:13-56
64            android:exported="false" />
64-->src/main/AndroidManifest.xml:62:13-37
65
66        <service
66-->[com.google.mlkit:object-detection:16.2.1] AndroidManifest.xml:8:9-14:19
67            android:name="com.google.mlkit.common.internal.MlKitComponentDiscoveryService"
67-->[com.google.mlkit:object-detection:16.2.1] AndroidManifest.xml:9:13-91
68            android:directBootAware="true"
68-->[com.google.mlkit:common:17.0.0] AndroidManifest.xml:17:13-43
69            android:exported="false" >
69-->[com.google.mlkit:object-detection:16.2.1] AndroidManifest.xml:10:13-37
70            <meta-data
70-->[com.google.mlkit:object-detection:16.2.1] AndroidManifest.xml:11:13-13:85
71                android:name="com.google.firebase.components:com.google.mlkit.vision.objects.defaults.internal.DefaultObjectsRegistrar"
71-->[com.google.mlkit:object-detection:16.2.1] AndroidManifest.xml:12:17-136
72                android:value="com.google.firebase.components.ComponentRegistrar" />
72-->[com.google.mlkit:object-detection:16.2.1] AndroidManifest.xml:13:17-82
73            <meta-data
73-->[com.google.mlkit:object-detection-custom:16.2.1] AndroidManifest.xml:11:13-13:85
74                android:name="com.google.firebase.components:com.google.mlkit.vision.objects.custom.internal.CustomObjectsRegistrar"
74-->[com.google.mlkit:object-detection-custom:16.2.1] AndroidManifest.xml:12:17-133
75                android:value="com.google.firebase.components.ComponentRegistrar" />
75-->[com.google.mlkit:object-detection-custom:16.2.1] AndroidManifest.xml:13:17-82
76            <meta-data
76-->[com.google.android.gms:play-services-mlkit-text-recognition:16.1.1] AndroidManifest.xml:12:13-14:85
77                android:name="com.google.firebase.components:com.google.mlkit.vision.text.internal.TextRegistrar"
77-->[com.google.android.gms:play-services-mlkit-text-recognition:16.1.1] AndroidManifest.xml:13:17-114
78                android:value="com.google.firebase.components.ComponentRegistrar" />
78-->[com.google.android.gms:play-services-mlkit-text-recognition:16.1.1] AndroidManifest.xml:14:17-82
79            <meta-data
79-->[com.google.mlkit:image-labeling-automl:16.2.1] AndroidManifest.xml:11:13-13:85
80                android:name="com.google.firebase.components:com.google.mlkit.vision.label.automl.internal.AutoMLLabelRegistrar"
80-->[com.google.mlkit:image-labeling-automl:16.2.1] AndroidManifest.xml:12:17-129
81                android:value="com.google.firebase.components.ComponentRegistrar" />
81-->[com.google.mlkit:image-labeling-automl:16.2.1] AndroidManifest.xml:13:17-82
82            <meta-data
82-->[com.google.mlkit:image-labeling:17.0.0] AndroidManifest.xml:11:13-13:85
83                android:name="com.google.firebase.components:com.google.mlkit.vision.label.defaults.internal.BundledLabelRegistrar"
83-->[com.google.mlkit:image-labeling:17.0.0] AndroidManifest.xml:12:17-132
84                android:value="com.google.firebase.components.ComponentRegistrar" />
84-->[com.google.mlkit:image-labeling:17.0.0] AndroidManifest.xml:13:17-82
85            <meta-data
85-->[com.google.mlkit:image-labeling-custom:16.2.1] AndroidManifest.xml:11:13-13:85
86                android:name="com.google.firebase.components:com.google.mlkit.vision.label.custom.internal.CustomLabelRegistrar"
86-->[com.google.mlkit:image-labeling-custom:16.2.1] AndroidManifest.xml:12:17-129
87                android:value="com.google.firebase.components.ComponentRegistrar" />
87-->[com.google.mlkit:image-labeling-custom:16.2.1] AndroidManifest.xml:13:17-82
88            <meta-data
88-->[com.google.android.gms:play-services-mlkit-barcode-scanning:16.1.2] AndroidManifest.xml:12:13-14:85
89                android:name="com.google.firebase.components:com.google.mlkit.vision.barcode.internal.BarcodeRegistrar"
89-->[com.google.android.gms:play-services-mlkit-barcode-scanning:16.1.2] AndroidManifest.xml:13:17-120
90                android:value="com.google.firebase.components.ComponentRegistrar" />
90-->[com.google.android.gms:play-services-mlkit-barcode-scanning:16.1.2] AndroidManifest.xml:14:17-82
91            <meta-data
91-->[com.google.android.gms:play-services-mlkit-face-detection:16.1.1] AndroidManifest.xml:12:13-14:85
92                android:name="com.google.firebase.components:com.google.mlkit.vision.face.internal.FaceRegistrar"
92-->[com.google.android.gms:play-services-mlkit-face-detection:16.1.1] AndroidManifest.xml:13:17-114
93                android:value="com.google.firebase.components.ComponentRegistrar" />
93-->[com.google.android.gms:play-services-mlkit-face-detection:16.1.1] AndroidManifest.xml:14:17-82
94            <meta-data
94-->[com.google.mlkit:vision-internal-vkp:17.0.1] AndroidManifest.xml:11:13-13:85
95                android:name="com.google.firebase.components:com.google.mlkit.vision.vkp.VkpRegistrar"
95-->[com.google.mlkit:vision-internal-vkp:17.0.1] AndroidManifest.xml:12:17-103
96                android:value="com.google.firebase.components.ComponentRegistrar" />
96-->[com.google.mlkit:vision-internal-vkp:17.0.1] AndroidManifest.xml:13:17-82
97            <meta-data
97-->[com.google.mlkit:pose-detection-common:17.0.0] AndroidManifest.xml:11:13-13:85
98                android:name="com.google.firebase.components:com.google.mlkit.vision.pose.internal.PoseRegistrar"
98-->[com.google.mlkit:pose-detection-common:17.0.0] AndroidManifest.xml:12:17-114
99                android:value="com.google.firebase.components.ComponentRegistrar" />
99-->[com.google.mlkit:pose-detection-common:17.0.0] AndroidManifest.xml:13:17-82
100            <meta-data
100-->[com.google.mlkit:vision-common:16.1.0] AndroidManifest.xml:12:13-14:85
101                android:name="com.google.firebase.components:com.google.mlkit.vision.common.internal.VisionCommonRegistrar"
101-->[com.google.mlkit:vision-common:16.1.0] AndroidManifest.xml:13:17-124
102                android:value="com.google.firebase.components.ComponentRegistrar" />
102-->[com.google.mlkit:vision-common:16.1.0] AndroidManifest.xml:14:17-82
103            <meta-data
103-->[com.google.mlkit:common:17.0.0] AndroidManifest.xml:20:13-22:85
104                android:name="com.google.firebase.components:com.google.mlkit.common.internal.CommonComponentRegistrar"
104-->[com.google.mlkit:common:17.0.0] AndroidManifest.xml:21:17-120
105                android:value="com.google.firebase.components.ComponentRegistrar" />
105-->[com.google.mlkit:common:17.0.0] AndroidManifest.xml:22:17-82
106        </service>
107
108        <provider
108-->[com.google.mlkit:common:17.0.0] AndroidManifest.xml:9:9-13:38
109            android:name="com.google.mlkit.common.internal.MlKitInitProvider"
109-->[com.google.mlkit:common:17.0.0] AndroidManifest.xml:10:13-78
110            android:authorities="com.google.mlkit.vision.demo.mlkitinitprovider"
110-->[com.google.mlkit:common:17.0.0] AndroidManifest.xml:11:13-69
111            android:exported="false"
111-->[com.google.mlkit:common:17.0.0] AndroidManifest.xml:12:13-37
112            android:initOrder="99" />
112-->[com.google.mlkit:common:17.0.0] AndroidManifest.xml:13:13-35
113
114        <activity
114-->[com.google.android.gms:play-services-base:17.0.0] AndroidManifest.xml:23:9-26:75
115            android:name="com.google.android.gms.common.api.GoogleApiActivity"
115-->[com.google.android.gms:play-services-base:17.0.0] AndroidManifest.xml:24:13-79
116            android:exported="false"
116-->[com.google.android.gms:play-services-base:17.0.0] AndroidManifest.xml:25:13-37
117            android:theme="@android:style/Theme.Translucent.NoTitleBar" />
117-->[com.google.android.gms:play-services-base:17.0.0] AndroidManifest.xml:26:13-72
118        <activity
118-->[io.github.ParkSangGwon:tedpermission:3.3.0] AndroidManifest.xml:10:9-14:67
119            android:name="com.gun0912.tedpermission.TedPermissionActivity"
119-->[io.github.ParkSangGwon:tedpermission:3.3.0] AndroidManifest.xml:11:13-75
120            android:configChanges="mcc|mnc|locale|keyboard|keyboardHidden|screenLayout|fontScale|uiMode|orientation|screenSize|layoutDirection"
120-->[io.github.ParkSangGwon:tedpermission:3.3.0] AndroidManifest.xml:12:13-144
121            android:screenOrientation="unspecified"
121-->[io.github.ParkSangGwon:tedpermission:3.3.0] AndroidManifest.xml:13:13-52
122            android:theme="@style/Theme.Transparent.Permission" />
122-->[io.github.ParkSangGwon:tedpermission:3.3.0] AndroidManifest.xml:14:13-64
123
124        <provider
124-->[io.github.ParkSangGwon:tedpermission:3.3.0] AndroidManifest.xml:16:9-19:40
125            android:name="com.gun0912.tedpermission.provider.TedPermissionProvider"
125-->[io.github.ParkSangGwon:tedpermission:3.3.0] AndroidManifest.xml:17:13-84
126            android:authorities="com.google.mlkit.vision.demo.tedpermissionprovider"
126-->[io.github.ParkSangGwon:tedpermission:3.3.0] AndroidManifest.xml:18:13-73
127            android:exported="false" />
127-->[io.github.ParkSangGwon:tedpermission:3.3.0] AndroidManifest.xml:19:13-37
128        <provider
128-->[androidx.lifecycle:lifecycle-process:2.1.0] AndroidManifest.xml:23:9-27:43
129            android:name="androidx.lifecycle.ProcessLifecycleOwnerInitializer"
129-->[androidx.lifecycle:lifecycle-process:2.1.0] AndroidManifest.xml:24:13-79
130            android:authorities="com.google.mlkit.vision.demo.lifecycle-process"
130-->[androidx.lifecycle:lifecycle-process:2.1.0] AndroidManifest.xml:25:13-69
131            android:exported="false"
131-->[androidx.lifecycle:lifecycle-process:2.1.0] AndroidManifest.xml:26:13-37
132            android:multiprocess="true" />
132-->[androidx.lifecycle:lifecycle-process:2.1.0] AndroidManifest.xml:27:13-40
133    </application>
134
135</manifest>